\BOOKMARK [1][-]{section.1}{\376\377\000I\000n\000l\000e\000d\000n\000i\000n\000g}{}% 1
\BOOKMARK [2][-]{subsection.1.1}{\376\377\000P\000r\000o\000d\000u\000k\000t\000b\000e\000s\000k\000r\000i\000v\000n\000i\000n\000g}{section.1}% 2
\BOOKMARK [2][-]{subsection.1.2}{\376\377\000F\000\366\000r\000b\000\344\000t\000t\000r\000i\000n\000g\000s\000m\000e\000t\000o\000d}{section.1}% 3
\BOOKMARK [2][-]{subsection.1.3}{\376\377\000S\000y\000f\000t\000e\000\040\000o\000c\000h\000\040\000f\000r\000\345\000g\000e\000s\000t\000\344\000l\000l\000n\000i\000n\000g}{section.1}% 4
\BOOKMARK [2][-]{subsection.1.4}{\376\377\000T\000e\000o\000r\000i}{section.1}% 5
\BOOKMARK [3][-]{subsubsection.1.4.1}{\376\377\000L\000a\000d\000d\000n\000i\000n\000g\000s\000t\000i\000d\000e\000r\000\040\000i\000\040\000m\000o\000b\000i\000l\000a\000p\000p\000l\000i\000k\000a\000t\000i\000o\000n\000e\000r}{subsection.1.4}% 6
\BOOKMARK [3][-]{subsubsection.1.4.2}{\376\377\000A\000s\000y\000n\000k\000r\000o\000n\000\040\000p\000r\000o\000g\000r\000a\000m\000e\000r\000i\000n\000g\000\040\000i\000\040\000D\000a\000r\000t}{subsection.1.4}% 7
\BOOKMARK [3][-]{subsubsection.1.4.3}{\376\377\000W\000a\000r\000m\000-\000\040\000o\000c\000h\000\040\000c\000o\000l\000d\000-\000b\000o\000o\000t}{subsection.1.4}% 8
\BOOKMARK [3][-]{subsubsection.1.4.4}{\376\377\000F\000l\000u\000t\000t\000e\000r\000\040\000o\000c\000h\000\040\000F\000i\000r\000e\000b\000a\000s\000e}{subsection.1.4}% 9
\BOOKMARK [3][-]{subsubsection.1.4.5}{\376\377\000S\000t\000a\000t\000i\000s\000t\000i\000s\000k\000a\000\040\000m\000\345\000t\000t\000\040\000i\000\040\000h\000y\000p\000o\000t\000e\000s\000p\000r\000\366\000v\000n\000i\000n\000g\000e\000n}{subsection.1.4}% 10
\BOOKMARK [2][-]{subsection.1.5}{\376\377\000B\000a\000k\000g\000r\000u\000n\000d}{section.1}% 11
\BOOKMARK [1][-]{section.2}{\376\377\000M\000e\000t\000o\000d}{}% 12
\BOOKMARK [2][-]{subsection.2.1}{\376\377\000I\000m\000p\000l\000e\000m\000e\000n\000t\000e\000r\000i\000n\000g\000\040\000a\000v\000\040\000f\000\366\000r\000b\000\344\000t\000t\000r\000i\000n\000g}{section.2}% 13
\BOOKMARK [2][-]{subsection.2.2}{\376\377\000G\000e\000n\000o\000m\000f\000\366\000r\000a\000n\000d\000e\000\040\000a\000v\000\040\000m\000\344\000t\000n\000i\000n\000g\000a\000r}{section.2}% 14
\BOOKMARK [2][-]{subsection.2.3}{\376\377\000S\000t\000a\000t\000i\000s\000t\000i\000s\000k\000\040\000a\000n\000a\000l\000y\000s}{section.2}% 15
\BOOKMARK [1][-]{section.3}{\376\377\000R\000e\000s\000u\000l\000t\000a\000t}{}% 16
\BOOKMARK [2][-]{subsection.3.2}{\376\377\000M\000\344\000t\000n\000i\000n\000g\000a\000r\000\040\000a\000v\000\040\000p\000a\000r\000a\000l\000l\000e\000l\000l\000a\000\040\000a\000n\000r\000o\000p}{section.3}% 18
\BOOKMARK [2][-]{subsection.3.3}{\376\377\000J\000\344\000m\000f\000\366\000r\000a\000n\000d\000e\000\040\000a\000n\000a\000l\000y\000s}{section.3}% 19
\BOOKMARK [2][-]{subsection.3.4}{\376\377\000S\000t\000a\000t\000i\000s\000t\000i\000s\000k\000\040\000s\000i\000g\000n\000i\000f\000i\000k\000a\000n\000s}{section.3}% 20
\BOOKMARK [2][-]{subsection.3.5}{\376\377\000I\000m\000p\000l\000e\000m\000e\000n\000t\000e\000r\000i\000n\000g\000s\000a\000n\000a\000l\000y\000s}{section.3}% 21
\BOOKMARK [1][-]{section.4}{\376\377\000D\000i\000s\000k\000u\000s\000s\000i\000o\000n}{}% 22
\BOOKMARK [2][-]{subsection.4.1}{\376\377\000U\000t\000v\000\344\000r\000d\000e\000r\000i\000n\000g\000\040\000a\000v\000\040\000f\000\366\000r\000b\000\344\000t\000t\000r\000i\000n\000g\000e\000n\000s\000\040\000e\000f\000f\000e\000k\000t\000i\000v\000i\000t\000e\000t}{section.4}% 23
\BOOKMARK [2][-]{subsection.4.2}{\376\377\000E\000f\000f\000e\000k\000t\000\040\000a\000v\000\040\000d\000a\000t\000a\000b\000a\000s\000s\000t\000o\000r\000l\000e\000k\000\040\000o\000c\000h\000\040\000n\000\344\000t\000v\000e\000r\000k\000s\000l\000a\000t\000e\000n\000s}{section.4}% 24
\BOOKMARK [2][-]{subsection.4.3}{\376\377\000L\000\344\000m\000p\000l\000i\000g\000h\000e\000t\000\040\000a\000v\000\040\000p\000a\000r\000a\000l\000l\000e\000l\000l\000a\000\040\000n\000\344\000t\000v\000e\000r\000k\000s\000a\000n\000r\000o\000p\000\040\000f\000\366\000r\000\040\000e\000n\000\040\000F\000l\000u\000t\000t\000e\000r\000-\000\040\000o\000c\000h\000\040\000F\000i\000r\000e\000b\000a\000s\000e\000-\000b\000a\000s\000e\000r\000a\000d\000\040\000a\000p\000p\000l\000i\000k\000a\000t\000i\000o\000n}{section.4}% 25
\BOOKMARK [2][-]{subsection.4.4}{\376\377\000M\000e\000t\000o\000d\000k\000r\000i\000t\000i\000k\000\040\000o\000c\000h\000\040\000b\000e\000g\000r\000\344\000n\000s\000n\000i\000n\000g\000a\000r}{section.4}% 26
\BOOKMARK [2][-]{subsection.4.5}{\376\377\000P\000r\000a\000k\000t\000i\000s\000k\000a\000\040\000i\000m\000p\000l\000i\000k\000a\000t\000i\000o\000n\000e\000r}{section.4}% 27
\BOOKMARK [2][-]{subsection.4.6}{\376\377\000S\000l\000u\000t\000s\000a\000t\000s}{section.4}% 28
